<?xml version="1.0" encoding="UTF-8"?>
<!-- Generated by org.testng.reporters.JUnitReportReporter -->
<testsuite skipped="0" hostname="GGN000190162001" name="Test.LoginPage" tests="1" failures="0" timestamp="21 Dec 2019 05:51:40 GMT" time="0.002" errors="0">
  <testcase name="loginPageTestCase" time="0.002" classname="Test.LoginPage"/>
</testsuite> <!-- Test.LoginPage -->
